<?xml version="1.0" encoding="UTF-8"?>
<!-- Generated by org.testng.reporters.JUnitReportReporter -->
<testsuite hostname="KSTQATester" failures="0" tests="4" name="com.juaracoding.restassured.TestCRUD" time="4.122" errors="0" timestamp="2022-08-25T19:10:02 WIB" skipped="0">
  <testcase classname="com.juaracoding.restassured.TestCRUD" name="testPost" time="0.502"/>
  <system-out/>
  <testcase classname="com.juaracoding.restassured.TestCRUD" name="testDelete" time="2.225"/>
  <system-out/>
  <testcase classname="com.juaracoding.restassured.TestCRUD" name="testPut" time="0.487"/>
  <system-out/>
  <testcase classname="com.juaracoding.restassured.TestCRUD" name="testPatch" time="0.908"/>
  <system-out/>
</testsuite> <!-- com.juaracoding.restassured.TestCRUD -->
