<?xml version="1.0" encoding="UTF-8"?>
<!-- Generated by org.testng.reporters.JUnitReportReporter -->
<testsuite hostname="KSTQATester" failures="0" tests="3" name="com.juaracoding.restassured.TestGetAllUser" time="2.547" errors="0" timestamp="2022-08-28T00:16:55 WIB" skipped="0">
  <testcase classname="com.juaracoding.restassured.TestGetAllUser" name="testStatusCode" time="0.122"/>
  <system-out/>
  <testcase classname="com.juaracoding.restassured.TestGetAllUser" name="testIdTwo" time="0.123"/>
  <system-out/>
  <testcase classname="com.juaracoding.restassured.TestGetAllUser" name="testIdOne" time="2.302"/>
  <system-out/>
</testsuite> <!-- com.juaracoding.restassured.TestGetAllUser -->
