<?xml version="1.0" encoding="UTF-8"?>
<!-- Generated by org.testng.reporters.JUnitReportReporter -->
<testsuite hostname="KSTQATester" failures="0" tests="2" name="com.juaracoding.restassured.TestTwentyOne" time="6.013" errors="0" timestamp="2022-08-28T00:58:46 WIB" skipped="0">
  <testcase classname="com.juaracoding.restassured.TestTwentyOne" name="testGet" time="3.616"/>
  <system-out/>
  <testcase classname="com.juaracoding.restassured.TestTwentyOne" name="testPost" time="2.397"/>
  <system-out/>
</testsuite> <!-- com.juaracoding.restassured.TestTwentyOne -->
